0 info it worked if it ends with ok
1 verbose cli [ 'C:\\Program Files (x86)\\nodejs\\node.exe',
1 verbose cli   'C:\\Program Files (x86)\\nodejs\\node_modules\\npm\\bin\\npm-cli.js',
1 verbose cli   'run',
1 verbose cli   'dev' ]
2 info using npm@3.10.10
3 info using node@v6.10.3
4 verbose run-script [ 'predev', 'dev', 'postdev' ]
5 info lifecycle slidev@~predev: slidev@
6 silly lifecycle slidev@~predev: no script for predev, continuing
7 info lifecycle slidev@~dev: slidev@
8 verbose lifecycle slidev@~dev: unsafe-perm in lifecycle true
9 verbose lifecycle slidev@~dev: PATH: C:\Program Files (x86)\nodejs\node_modules\npm\bin\node-gyp-bin;C:\Users\E\Documents\projects\fyp\slidev\node_modules\.bin;C:\Users\E\anaconda3\envs\slide-gen;C:\Users\E\anaconda3\envs\slide-gen\Library\mingw-w64\bin;C:\Users\E\anaconda3\envs\slide-gen\Library\usr\bin;C:\Users\E\anaconda3\envs\slide-gen\Library\bin;C:\Users\E\anaconda3\envs\slide-gen\Scripts;C:\Users\E\anaconda3\envs\slide-gen\bin;C:\Users\E\anaconda3\Scripts\condabin;C:\Users\E\bin;C:\Program Files\Git\mingw64\bin;C:\Program Files\Git\usr\local\bin;C:\Program Files\Git\usr\bin;C:\Program Files\Git\usr\bin;C:\Program Files\Git\mingw64\bin;C:\Program Files\Git\usr\bin;C:\Users\E\bin;C:\Program Files (x86)\Intel\Intel(R) Management Engine Components\iCLS;C:\Program Files\Intel\Intel(R) Management Engine Components\iCLS;C:\Windows\system32;C:\Windows;C:\Windows\System32\Wbem;C:\Windows\System32\WindowsPowerShell\v1.0;C:\Windows\System32\OpenSSH;C:\Program Files (x86)\Intel\Intel(R) Management Engine Components\DAL;C:\Program Files\Intel\Intel(R) Management Engine Components\DAL;C:\Program Files\Intel\WiFi\bin;C:\Program Files\Common Files\Intel\WirelessCommon;C:\WINDOWS\system32;C:\WINDOWS;C:\WINDOWS\System32\Wbem;C:\WINDOWS\System32\WindowsPowerShell\v1.0;C:\WINDOWS\System32\OpenSSH;C:\Program Files (x86)\nodejs;C:\Program Files\Git\cmd;C:\Users\E\AppData\Local\Microsoft\WindowsApps;C:\Program Files\Intel\WiFi\bin;C:\Program Files\Common Files\Intel\WirelessCommon;C:\Users\E\AppData\Local\Programs\Microsoft VS Code\bin;C:\Users\E\AppData\Roaming\npm;C:\Program Files\Git\usr\bin\vendor_perl;C:\Program Files\Git\usr\bin\core_perl
10 verbose lifecycle slidev@~dev: CWD: C:\Users\E\Documents\projects\fyp\slidev
11 silly lifecycle slidev@~dev: Args: [ '/d /s /c', 'slidev --open' ]
12 silly lifecycle slidev@~dev: Returned: code: 1  signal: null
13 info lifecycle slidev@~dev: Failed to exec dev script
14 verbose stack Error: slidev@ dev: `slidev --open`
14 verbose stack Exit status 1
14 verbose stack     at EventEmitter.<anonymous> (C:\Program Files (x86)\nodejs\node_modules\npm\lib\utils\lifecycle.js:255:16)
14 verbose stack     at emitTwo (events.js:106:13)
14 verbose stack     at EventEmitter.emit (events.js:191:7)
14 verbose stack     at ChildProcess.<anonymous> (C:\Program Files (x86)\nodejs\node_modules\npm\lib\utils\spawn.js:40:14)
14 verbose stack     at emitTwo (events.js:106:13)
14 verbose stack     at ChildProcess.emit (events.js:191:7)
14 verbose stack     at maybeClose (internal/child_process.js:886:16)
14 verbose stack     at Process.ChildProcess._handle.onexit (internal/child_process.js:226:5)
15 verbose pkgid slidev@
16 verbose cwd C:\Users\E\Documents\projects\fyp\slidev
17 error Windows_NT 10.0.19043
18 error argv "C:\\Program Files (x86)\\nodejs\\node.exe" "C:\\Program Files (x86)\\nodejs\\node_modules\\npm\\bin\\npm-cli.js" "run" "dev"
19 error node v6.10.3
20 error npm  v3.10.10
21 error code ELIFECYCLE
22 error slidev@ dev: `slidev --open`
22 error Exit status 1
23 error Failed at the slidev@ dev script 'slidev --open'.
23 error Make sure you have the latest version of node.js and npm installed.
23 error If you do, this is most likely a problem with the slidev package,
23 error not with npm itself.
23 error Tell the author that this fails on your system:
23 error     slidev --open
23 error You can get information on how to open an issue for this project with:
23 error     npm bugs slidev
23 error Or if that isn't available, you can get their info via:
23 error     npm owner ls slidev
23 error There is likely additional logging output above.
24 verbose exit [ 1, true ]
